<?xml version="1.0" encoding="UTF-8"?>
<!-- Generated by org.testng.reporters.JUnitReportReporter -->
<testsuite hostname="AmitSharma-PC" name="TESTING.TC001" tests="1" failures="0" timestamp="8 Jun 2016 17:22:10 GMT" time="19.592" errors="0">
  <testcase name="tcase1" time="19.592" classname="TESTING.TC001"/>
</testsuite> <!-- TESTING.TC001 -->
